mode: set
github.com/WolvenSpirit/json-parser/main.go:19.58,23.6 4 1
github.com/WolvenSpirit/json-parser/main.go:42.2,42.23 1 1
github.com/WolvenSpirit/json-parser/main.go:23.6,25.17 2 1
github.com/WolvenSpirit/json-parser/main.go:28.3,28.34 1 1
github.com/WolvenSpirit/json-parser/main.go:33.3,33.27 1 1
github.com/WolvenSpirit/json-parser/main.go:25.17,27.4 1 1
github.com/WolvenSpirit/json-parser/main.go:28.34,31.12 3 1
github.com/WolvenSpirit/json-parser/main.go:33.27,34.19 1 1
github.com/WolvenSpirit/json-parser/main.go:39.4,39.7 1 1
github.com/WolvenSpirit/json-parser/main.go:34.19,35.10 1 1
github.com/WolvenSpirit/json-parser/main.go:36.10,38.5 1 1
github.com/WolvenSpirit/json-parser/main.go:45.57,53.32 8 1
github.com/WolvenSpirit/json-parser/main.go:93.2,93.16 1 0
github.com/WolvenSpirit/json-parser/main.go:53.32,55.28 2 1
github.com/WolvenSpirit/json-parser/main.go:66.3,66.21 1 1
github.com/WolvenSpirit/json-parser/main.go:71.3,71.37 1 1
github.com/WolvenSpirit/json-parser/main.go:74.3,74.50 1 1
github.com/WolvenSpirit/json-parser/main.go:55.28,56.21 1 1
github.com/WolvenSpirit/json-parser/main.go:64.4,64.18 1 0
github.com/WolvenSpirit/json-parser/main.go:56.21,57.16 1 1
github.com/WolvenSpirit/json-parser/main.go:60.5,60.17 1 1
github.com/WolvenSpirit/json-parser/main.go:57.16,59.6 1 1
github.com/WolvenSpirit/json-parser/main.go:60.17,62.6 1 1
github.com/WolvenSpirit/json-parser/main.go:66.21,69.12 3 1
github.com/WolvenSpirit/json-parser/main.go:71.37,73.4 1 0
github.com/WolvenSpirit/json-parser/main.go:74.50,75.27 1 1
github.com/WolvenSpirit/json-parser/main.go:80.4,80.34 1 1
github.com/WolvenSpirit/json-parser/main.go:83.4,83.40 1 1
github.com/WolvenSpirit/json-parser/main.go:87.4,87.47 1 1
github.com/WolvenSpirit/json-parser/main.go:90.4,90.7 1 1
github.com/WolvenSpirit/json-parser/main.go:75.27,79.5 3 1
github.com/WolvenSpirit/json-parser/main.go:80.34,82.5 1 1
github.com/WolvenSpirit/json-parser/main.go:83.40,86.5 2 1
github.com/WolvenSpirit/json-parser/main.go:87.47,89.5 1 0
github.com/WolvenSpirit/json-parser/main.go:96.52,101.6 5 1
github.com/WolvenSpirit/json-parser/main.go:129.2,129.23 1 1
github.com/WolvenSpirit/json-parser/main.go:101.6,103.17 2 1
github.com/WolvenSpirit/json-parser/main.go:109.3,109.22 1 1
github.com/WolvenSpirit/json-parser/main.go:112.3,112.38 1 1
github.com/WolvenSpirit/json-parser/main.go:117.3,117.27 1 1
github.com/WolvenSpirit/json-parser/main.go:103.17,104.21 1 1
github.com/WolvenSpirit/json-parser/main.go:107.4,107.18 1 0
github.com/WolvenSpirit/json-parser/main.go:104.21,106.5 1 1
github.com/WolvenSpirit/json-parser/main.go:109.22,111.4 1 1
github.com/WolvenSpirit/json-parser/main.go:112.38,115.12 3 1
github.com/WolvenSpirit/json-parser/main.go:117.27,118.24 1 1
github.com/WolvenSpirit/json-parser/main.go:121.4,121.37 1 1
github.com/WolvenSpirit/json-parser/main.go:126.4,126.7 1 1
github.com/WolvenSpirit/json-parser/main.go:118.24,120.5 1 1
github.com/WolvenSpirit/json-parser/main.go:121.37,122.10 1 1
github.com/WolvenSpirit/json-parser/main.go:123.10,125.5 1 1
github.com/WolvenSpirit/json-parser/main.go:132.60,135.16 3 1
github.com/WolvenSpirit/json-parser/main.go:138.2,140.6 3 1
github.com/WolvenSpirit/json-parser/main.go:156.2,156.15 1 1
github.com/WolvenSpirit/json-parser/main.go:135.16,137.3 1 0
github.com/WolvenSpirit/json-parser/main.go:140.6,142.17 2 1
github.com/WolvenSpirit/json-parser/main.go:148.3,149.17 2 1
github.com/WolvenSpirit/json-parser/main.go:142.17,143.21 1 1
github.com/WolvenSpirit/json-parser/main.go:146.4,146.19 1 0
github.com/WolvenSpirit/json-parser/main.go:143.21,144.10 1 1
github.com/WolvenSpirit/json-parser/main.go:149.17,150.21 1 0
github.com/WolvenSpirit/json-parser/main.go:153.4,153.19 1 0
github.com/WolvenSpirit/json-parser/main.go:150.21,151.10 1 0
