mode: set
github.com/WolvenSpirit/json-parser/main.go:25.58,29.6 4 1
github.com/WolvenSpirit/json-parser/main.go:48.2,48.23 1 1
github.com/WolvenSpirit/json-parser/main.go:29.6,31.17 2 1
github.com/WolvenSpirit/json-parser/main.go:34.3,34.34 1 1
github.com/WolvenSpirit/json-parser/main.go:39.3,39.27 1 1
github.com/WolvenSpirit/json-parser/main.go:31.17,33.4 1 0
github.com/WolvenSpirit/json-parser/main.go:34.34,37.12 3 1
github.com/WolvenSpirit/json-parser/main.go:39.27,40.19 1 1
github.com/WolvenSpirit/json-parser/main.go:45.4,45.7 1 1
github.com/WolvenSpirit/json-parser/main.go:40.19,41.10 1 1
github.com/WolvenSpirit/json-parser/main.go:42.10,44.5 1 1
github.com/WolvenSpirit/json-parser/main.go:51.57,59.32 8 1
github.com/WolvenSpirit/json-parser/main.go:99.2,99.16 1 0
github.com/WolvenSpirit/json-parser/main.go:59.32,61.28 2 1
github.com/WolvenSpirit/json-parser/main.go:72.3,72.21 1 1
github.com/WolvenSpirit/json-parser/main.go:77.3,77.37 1 1
github.com/WolvenSpirit/json-parser/main.go:80.3,80.50 1 1
github.com/WolvenSpirit/json-parser/main.go:61.28,62.21 1 1
github.com/WolvenSpirit/json-parser/main.go:70.4,70.18 1 0
github.com/WolvenSpirit/json-parser/main.go:62.21,63.16 1 1
github.com/WolvenSpirit/json-parser/main.go:66.5,66.17 1 1
github.com/WolvenSpirit/json-parser/main.go:63.16,65.6 1 1
github.com/WolvenSpirit/json-parser/main.go:66.17,68.6 1 1
github.com/WolvenSpirit/json-parser/main.go:72.21,75.12 3 1
github.com/WolvenSpirit/json-parser/main.go:77.37,79.4 1 0
github.com/WolvenSpirit/json-parser/main.go:80.50,81.27 1 1
github.com/WolvenSpirit/json-parser/main.go:86.4,86.34 1 1
github.com/WolvenSpirit/json-parser/main.go:89.4,89.40 1 1
github.com/WolvenSpirit/json-parser/main.go:93.4,93.47 1 1
github.com/WolvenSpirit/json-parser/main.go:96.4,96.7 1 1
github.com/WolvenSpirit/json-parser/main.go:81.27,85.5 3 1
github.com/WolvenSpirit/json-parser/main.go:86.34,88.5 1 0
github.com/WolvenSpirit/json-parser/main.go:89.40,92.5 2 1
github.com/WolvenSpirit/json-parser/main.go:93.47,95.5 1 0
